[2023-01-10T22:52:02.190] [ERROR] default - Error: Usuarios validation failed: photo: Path `photo` is required., phone: Path `phone` is required.
    at ValidationError.inspect (C:\Users\sebas\Dropbox\PROGRAMACION\CODERHOUSE\FULLSTACK\4.BackEnd\ProyectoFinal__BackEnd\node_modules\mongoose\lib\error\validation.js:50:26)
    at formatValue (node:internal/util/inspect:790:19)
    at inspect (node:internal/util/inspect:350:10)
    at formatWithOptionsInternal (node:internal/util/inspect:2241:40)
    at Object.format (node:internal/util/inspect:2098:10)
    at basicLayout (C:\Users\sebas\Dropbox\PROGRAMACION\CODERHOUSE\FULLSTACK\4.BackEnd\ProyectoFinal__BackEnd\node_modules\log4js\lib\layouts.js:65:52)
    at app (C:\Users\sebas\Dropbox\PROGRAMACION\CODERHOUSE\FULLSTACK\4.BackEnd\ProyectoFinal__BackEnd\node_modules\log4js\lib\appenders\file.js:98:23)
    at C:\Users\sebas\Dropbox\PROGRAMACION\CODERHOUSE\FULLSTACK\4.BackEnd\ProyectoFinal__BackEnd\node_modules\log4js\lib\appenders\logLevelFilter.js:10:7
    at C:\Users\sebas\Dropbox\PROGRAMACION\CODERHOUSE\FULLSTACK\4.BackEnd\ProyectoFinal__BackEnd\node_modules\log4js\lib\log4js.js:43:5
    at Array.forEach (<anonymous>) {
  errors: {
    photo: ValidatorError: Path `photo` is required.
        at validate (C:\Users\sebas\Dropbox\PROGRAMACION\CODERHOUSE\FULLSTACK\4.BackEnd\ProyectoFinal__BackEnd\node_modules\mongoose\lib\schematype.js:1346:13)
        at SchemaType.doValidate (C:\Users\sebas\Dropbox\PROGRAMACION\CODERHOUSE\FULLSTACK\4.BackEnd\ProyectoFinal__BackEnd\node_modules\mongoose\lib\schematype.js:1330:7)
        at C:\Users\sebas\Dropbox\PROGRAMACION\CODERHOUSE\FULLSTACK\4.BackEnd\ProyectoFinal__BackEnd\node_modules\mongoose\lib\document.js:2903:18
        at process.processTicksAndRejections (node:internal/process/task_queues:77:11) {
      properties: [Object],
      kind: 'required',
      path: 'photo',
      value: undefined,
      reason: undefined,
      [Symbol(mongoose:validatorError)]: true
    },
    phone: ValidatorError: Path `phone` is required.
        at validate (C:\Users\sebas\Dropbox\PROGRAMACION\CODERHOUSE\FULLSTACK\4.BackEnd\ProyectoFinal__BackEnd\node_modules\mongoose\lib\schematype.js:1346:13)
        at SchemaType.doValidate (C:\Users\sebas\Dropbox\PROGRAMACION\CODERHOUSE\FULLSTACK\4.BackEnd\ProyectoFinal__BackEnd\node_modules\mongoose\lib\schematype.js:1330:7)
        at C:\Users\sebas\Dropbox\PROGRAMACION\CODERHOUSE\FULLSTACK\4.BackEnd\ProyectoFinal__BackEnd\node_modules\mongoose\lib\document.js:2903:18
        at process.processTicksAndRejections (node:internal/process/task_queues:77:11) {
      properties: [Object],
      kind: 'required',
      path: 'phone',
      value: '+54 381 663-6350',
      reason: undefined,
      [Symbol(mongoose:validatorError)]: true
    }
  },
  _message: 'Usuarios validation failed'
}
[2023-01-10T23:21:21.619] [ERROR] default - Error: Usuarios validation failed: photo: Path `photo` is required., phone: Path `phone` is required.
    at ValidationError.inspect (C:\Users\sebas\Dropbox\PROGRAMACION\CODERHOUSE\FULLSTACK\4.BackEnd\ProyectoFinal__BackEnd\node_modules\mongoose\lib\error\validation.js:50:26)
    at formatValue (node:internal/util/inspect:790:19)
    at inspect (node:internal/util/inspect:350:10)
    at formatWithOptionsInternal (node:internal/util/inspect:2241:40)
    at Object.format (node:internal/util/inspect:2098:10)
    at basicLayout (C:\Users\sebas\Dropbox\PROGRAMACION\CODERHOUSE\FULLSTACK\4.BackEnd\ProyectoFinal__BackEnd\node_modules\log4js\lib\layouts.js:65:52)
    at app (C:\Users\sebas\Dropbox\PROGRAMACION\CODERHOUSE\FULLSTACK\4.BackEnd\ProyectoFinal__BackEnd\node_modules\log4js\lib\appenders\file.js:98:23)
    at C:\Users\sebas\Dropbox\PROGRAMACION\CODERHOUSE\FULLSTACK\4.BackEnd\ProyectoFinal__BackEnd\node_modules\log4js\lib\appenders\logLevelFilter.js:10:7
    at C:\Users\sebas\Dropbox\PROGRAMACION\CODERHOUSE\FULLSTACK\4.BackEnd\ProyectoFinal__BackEnd\node_modules\log4js\lib\log4js.js:43:5
    at Array.forEach (<anonymous>) {
  errors: {
    photo: ValidatorError: Path `photo` is required.
        at validate (C:\Users\sebas\Dropbox\PROGRAMACION\CODERHOUSE\FULLSTACK\4.BackEnd\ProyectoFinal__BackEnd\node_modules\mongoose\lib\schematype.js:1346:13)
        at SchemaType.doValidate (C:\Users\sebas\Dropbox\PROGRAMACION\CODERHOUSE\FULLSTACK\4.BackEnd\ProyectoFinal__BackEnd\node_modules\mongoose\lib\schematype.js:1330:7)
        at C:\Users\sebas\Dropbox\PROGRAMACION\CODERHOUSE\FULLSTACK\4.BackEnd\ProyectoFinal__BackEnd\node_modules\mongoose\lib\document.js:2903:18
        at process.processTicksAndRejections (node:internal/process/task_queues:77:11) {
      properties: [Object],
      kind: 'required',
      path: 'photo',
      value: undefined,
      reason: undefined,
      [Symbol(mongoose:validatorError)]: true
    },
    phone: ValidatorError: Path `phone` is required.
        at validate (C:\Users\sebas\Dropbox\PROGRAMACION\CODERHOUSE\FULLSTACK\4.BackEnd\ProyectoFinal__BackEnd\node_modules\mongoose\lib\schematype.js:1346:13)
        at SchemaType.doValidate (C:\Users\sebas\Dropbox\PROGRAMACION\CODERHOUSE\FULLSTACK\4.BackEnd\ProyectoFinal__BackEnd\node_modules\mongoose\lib\schematype.js:1330:7)
        at C:\Users\sebas\Dropbox\PROGRAMACION\CODERHOUSE\FULLSTACK\4.BackEnd\ProyectoFinal__BackEnd\node_modules\mongoose\lib\document.js:2903:18
        at process.processTicksAndRejections (node:internal/process/task_queues:77:11) {
      properties: [Object],
      kind: 'required',
      path: 'phone',
      value: '+54 381 663-6350',
      reason: undefined,
      [Symbol(mongoose:validatorError)]: true
    }
  },
  _message: 'Usuarios validation failed'
}
[2023-01-12T20:51:30.859] [ERROR] default - Error: Invalid atomic update value for $set. Expected an object, received undefined
    at castUpdate (C:\Users\sebas\Dropbox\PROGRAMACION\CODERHOUSE\FULLSTACK\4.BackEnd\ProyectoFinal__BackEnd\node_modules\mongoose\lib\helpers\query\castUpdate.js:98:13)
    at model.Query._castUpdate (C:\Users\sebas\Dropbox\PROGRAMACION\CODERHOUSE\FULLSTACK\4.BackEnd\ProyectoFinal__BackEnd\node_modules\mongoose\lib\query.js:5110:10)
    at model.Query._updateThunk (C:\Users\sebas\Dropbox\PROGRAMACION\CODERHOUSE\FULLSTACK\4.BackEnd\ProyectoFinal__BackEnd\node_modules\mongoose\lib\query.js:4249:27)
    at model.Query.<anonymous> (C:\Users\sebas\Dropbox\PROGRAMACION\CODERHOUSE\FULLSTACK\4.BackEnd\ProyectoFinal__BackEnd\node_modules\mongoose\lib\query.js:4363:23)
    at model.Query._wrappedThunk [as _updateOne] (C:\Users\sebas\Dropbox\PROGRAMACION\CODERHOUSE\FULLSTACK\4.BackEnd\ProyectoFinal__BackEnd\node_modules\mongoose\lib\helpers\query\wrapThunk.js:29:8)
    at C:\Users\sebas\Dropbox\PROGRAMACION\CODERHOUSE\FULLSTACK\4.BackEnd\ProyectoFinal__BackEnd\node_modules\kareem\index.js:494:25
    at process.processTicksAndRejections (node:internal/process/task_queues:77:11)
[2023-02-22T09:19:46.317] [ERROR] default - Error: No recipients defined
    at SMTPConnection._formatError (C:\Users\sebas\Dropbox\PROGRAMACION\CODERHOUSE\FULLSTACK\4.BackEnd\ProyectoFinal__BackEnd\node_modules\nodemailer\lib\smtp-connection\index.js:790:19)
    at SMTPConnection._setEnvelope (C:\Users\sebas\Dropbox\PROGRAMACION\CODERHOUSE\FULLSTACK\4.BackEnd\ProyectoFinal__BackEnd\node_modules\nodemailer\lib\smtp-connection\index.js:1007:34)
    at SMTPConnection.send (C:\Users\sebas\Dropbox\PROGRAMACION\CODERHOUSE\FULLSTACK\4.BackEnd\ProyectoFinal__BackEnd\node_modules\nodemailer\lib\smtp-connection\index.js:621:14)
    at sendMessage (C:\Users\sebas\Dropbox\PROGRAMACION\CODERHOUSE\FULLSTACK\4.BackEnd\ProyectoFinal__BackEnd\node_modules\nodemailer\lib\smtp-transport\index.js:228:28)
    at C:\Users\sebas\Dropbox\PROGRAMACION\CODERHOUSE\FULLSTACK\4.BackEnd\ProyectoFinal__BackEnd\node_modules\nodemailer\lib\smtp-transport\index.js:286:25
    at SMTPConnection._actionAUTHComplete (C:\Users\sebas\Dropbox\PROGRAMACION\CODERHOUSE\FULLSTACK\4.BackEnd\ProyectoFinal__BackEnd\node_modules\nodemailer\lib\smtp-connection\index.js:1556:9)
    at SMTPConnection.<anonymous> (C:\Users\sebas\Dropbox\PROGRAMACION\CODERHOUSE\FULLSTACK\4.BackEnd\ProyectoFinal__BackEnd\node_modules\nodemailer\lib\smtp-connection\index.js:546:26)
    at SMTPConnection._processResponse (C:\Users\sebas\Dropbox\PROGRAMACION\CODERHOUSE\FULLSTACK\4.BackEnd\ProyectoFinal__BackEnd\node_modules\nodemailer\lib\smtp-connection\index.js:953:20)
    at SMTPConnection._onData (C:\Users\sebas\Dropbox\PROGRAMACION\CODERHOUSE\FULLSTACK\4.BackEnd\ProyectoFinal__BackEnd\node_modules\nodemailer\lib\smtp-connection\index.js:755:14)
    at SMTPConnection._onSocketData (C:\Users\sebas\Dropbox\PROGRAMACION\CODERHOUSE\FULLSTACK\4.BackEnd\ProyectoFinal__BackEnd\node_modules\nodemailer\lib\smtp-connection\index.js:193:44) {
  code: 'EENVELOPE',
  command: 'API'
}
[2023-02-22T09:23:36.066] [ERROR] default - Error: No recipients defined
    at SMTPConnection._formatError (C:\Users\sebas\Dropbox\PROGRAMACION\CODERHOUSE\FULLSTACK\4.BackEnd\ProyectoFinal__BackEnd\node_modules\nodemailer\lib\smtp-connection\index.js:790:19)
    at SMTPConnection._setEnvelope (C:\Users\sebas\Dropbox\PROGRAMACION\CODERHOUSE\FULLSTACK\4.BackEnd\ProyectoFinal__BackEnd\node_modules\nodemailer\lib\smtp-connection\index.js:1007:34)
    at SMTPConnection.send (C:\Users\sebas\Dropbox\PROGRAMACION\CODERHOUSE\FULLSTACK\4.BackEnd\ProyectoFinal__BackEnd\node_modules\nodemailer\lib\smtp-connection\index.js:621:14)
    at sendMessage (C:\Users\sebas\Dropbox\PROGRAMACION\CODERHOUSE\FULLSTACK\4.BackEnd\ProyectoFinal__BackEnd\node_modules\nodemailer\lib\smtp-transport\index.js:228:28)
    at C:\Users\sebas\Dropbox\PROGRAMACION\CODERHOUSE\FULLSTACK\4.BackEnd\ProyectoFinal__BackEnd\node_modules\nodemailer\lib\smtp-transport\index.js:286:25
    at SMTPConnection._actionAUTHComplete (C:\Users\sebas\Dropbox\PROGRAMACION\CODERHOUSE\FULLSTACK\4.BackEnd\ProyectoFinal__BackEnd\node_modules\nodemailer\lib\smtp-connection\index.js:1556:9)
    at SMTPConnection.<anonymous> (C:\Users\sebas\Dropbox\PROGRAMACION\CODERHOUSE\FULLSTACK\4.BackEnd\ProyectoFinal__BackEnd\node_modules\nodemailer\lib\smtp-connection\index.js:546:26)
    at SMTPConnection._processResponse (C:\Users\sebas\Dropbox\PROGRAMACION\CODERHOUSE\FULLSTACK\4.BackEnd\ProyectoFinal__BackEnd\node_modules\nodemailer\lib\smtp-connection\index.js:953:20)
    at SMTPConnection._onData (C:\Users\sebas\Dropbox\PROGRAMACION\CODERHOUSE\FULLSTACK\4.BackEnd\ProyectoFinal__BackEnd\node_modules\nodemailer\lib\smtp-connection\index.js:755:14)
    at SMTPConnection._onSocketData (C:\Users\sebas\Dropbox\PROGRAMACION\CODERHOUSE\FULLSTACK\4.BackEnd\ProyectoFinal__BackEnd\node_modules\nodemailer\lib\smtp-connection\index.js:193:44) {
  code: 'EENVELOPE',
  command: 'API'
}
[2023-02-22T10:46:48.986] [ERROR] default - ReferenceError: user is not defined
    at mailOptionsNewCart (file:///C:/Users/sebas/Dropbox/PROGRAMACION/CODERHOUSE/FULLSTACK/4.BackEnd/ProyectoFinal__BackEnd/src/utils/nodemailer.js:65:59)
    at sendMailNewCart (file:///C:/Users/sebas/Dropbox/PROGRAMACION/CODERHOUSE/FULLSTACK/4.BackEnd/ProyectoFinal__BackEnd/src/utils/nodemailer.js:92:53)
    at process.processTicksAndRejections (node:internal/process/task_queues:95:5)
[2024-04-15T23:36:23.195] [ERROR] default - Error: Invalid login: 535-5.7.8 Username and Password not accepted. For more information, go to
535 5.7.8  https://support.google.com/mail/?p=BadCredentials x9-20020a170902ec8900b001e4fdcf67desm8588437plg.299 - gsmtp
    at SMTPConnection._formatError (C:\Users\sebas\Dropbox\PROGRAMACION\CODERHOUSE\FULLSTACK\4.BackEnd\ProyectoFinal__BackEnd\node_modules\nodemailer\lib\smtp-connection\index.js:790:19)
    at SMTPConnection._actionAUTHComplete (C:\Users\sebas\Dropbox\PROGRAMACION\CODERHOUSE\FULLSTACK\4.BackEnd\ProyectoFinal__BackEnd\node_modules\nodemailer\lib\smtp-connection\index.js:1542:34)
    at SMTPConnection.<anonymous> (C:\Users\sebas\Dropbox\PROGRAMACION\CODERHOUSE\FULLSTACK\4.BackEnd\ProyectoFinal__BackEnd\node_modules\nodemailer\lib\smtp-connection\index.js:546:26)
    at SMTPConnection._processResponse (C:\Users\sebas\Dropbox\PROGRAMACION\CODERHOUSE\FULLSTACK\4.BackEnd\ProyectoFinal__BackEnd\node_modules\nodemailer\lib\smtp-connection\index.js:953:20)
    at SMTPConnection._onData (C:\Users\sebas\Dropbox\PROGRAMACION\CODERHOUSE\FULLSTACK\4.BackEnd\ProyectoFinal__BackEnd\node_modules\nodemailer\lib\smtp-connection\index.js:755:14)
    at SMTPConnection._onSocketData (C:\Users\sebas\Dropbox\PROGRAMACION\CODERHOUSE\FULLSTACK\4.BackEnd\ProyectoFinal__BackEnd\node_modules\nodemailer\lib\smtp-connection\index.js:193:44)
    at TLSSocket.emit (node:events:513:28)
    at addChunk (node:internal/streams/readable:324:12)
    at readableAddChunk (node:internal/streams/readable:297:9)
    at Readable.push (node:internal/streams/readable:234:10) {
  code: 'EAUTH',
  response: '535-5.7.8 Username and Password not accepted. For more information, go to\n' +
    '535 5.7.8  https://support.google.com/mail/?p=BadCredentials x9-20020a170902ec8900b001e4fdcf67desm8588437plg.299 - gsmtp',
  responseCode: 535,
  command: 'AUTH PLAIN'
}
[2024-06-06T16:46:36.806] [ERROR] default - Error: Chats validation failed: email: Path `email` is required.
    at ValidationError.inspect (C:\Users\sebas\Dropbox\PROGRAMACION\CODERHOUSE\FULLSTACK\4.BackEnd\ProyectoFinal__BackEnd\node_modules\mongoose\lib\error\validation.js:50:26)
    at formatValue (node:internal/util/inspect:790:19)
    at inspect (node:internal/util/inspect:350:10)
    at formatWithOptionsInternal (node:internal/util/inspect:2241:40)
    at Object.format (node:internal/util/inspect:2098:10)
    at basicLayout (C:\Users\sebas\Dropbox\PROGRAMACION\CODERHOUSE\FULLSTACK\4.BackEnd\ProyectoFinal__BackEnd\node_modules\log4js\lib\layouts.js:65:52)
    at app (C:\Users\sebas\Dropbox\PROGRAMACION\CODERHOUSE\FULLSTACK\4.BackEnd\ProyectoFinal__BackEnd\node_modules\log4js\lib\appenders\file.js:98:23)
    at C:\Users\sebas\Dropbox\PROGRAMACION\CODERHOUSE\FULLSTACK\4.BackEnd\ProyectoFinal__BackEnd\node_modules\log4js\lib\appenders\logLevelFilter.js:10:7
    at C:\Users\sebas\Dropbox\PROGRAMACION\CODERHOUSE\FULLSTACK\4.BackEnd\ProyectoFinal__BackEnd\node_modules\log4js\lib\log4js.js:43:5
    at Array.forEach (<anonymous>) {
  errors: {
    email: ValidatorError: Path `email` is required.
        at validate (C:\Users\sebas\Dropbox\PROGRAMACION\CODERHOUSE\FULLSTACK\4.BackEnd\ProyectoFinal__BackEnd\node_modules\mongoose\lib\schematype.js:1346:13)
        at SchemaType.doValidate (C:\Users\sebas\Dropbox\PROGRAMACION\CODERHOUSE\FULLSTACK\4.BackEnd\ProyectoFinal__BackEnd\node_modules\mongoose\lib\schematype.js:1330:7)
        at C:\Users\sebas\Dropbox\PROGRAMACION\CODERHOUSE\FULLSTACK\4.BackEnd\ProyectoFinal__BackEnd\node_modules\mongoose\lib\document.js:2903:18
        at process.processTicksAndRejections (node:internal/process/task_queues:77:11) {
      properties: [Object],
      kind: 'required',
      path: 'email',
      value: undefined,
      reason: undefined,
      [Symbol(mongoose:validatorError)]: true
    }
  },
  _message: 'Chats validation failed'
}
[2024-06-06T16:49:47.784] [ERROR] default - Error: Chats validation failed: email: Path `email` is required.
    at ValidationError.inspect (C:\Users\sebas\Dropbox\PROGRAMACION\CODERHOUSE\FULLSTACK\4.BackEnd\ProyectoFinal__BackEnd\node_modules\mongoose\lib\error\validation.js:50:26)
    at formatValue (node:internal/util/inspect:790:19)
    at inspect (node:internal/util/inspect:350:10)
    at formatWithOptionsInternal (node:internal/util/inspect:2241:40)
    at Object.format (node:internal/util/inspect:2098:10)
    at basicLayout (C:\Users\sebas\Dropbox\PROGRAMACION\CODERHOUSE\FULLSTACK\4.BackEnd\ProyectoFinal__BackEnd\node_modules\log4js\lib\layouts.js:65:52)
    at app (C:\Users\sebas\Dropbox\PROGRAMACION\CODERHOUSE\FULLSTACK\4.BackEnd\ProyectoFinal__BackEnd\node_modules\log4js\lib\appenders\file.js:98:23)
    at C:\Users\sebas\Dropbox\PROGRAMACION\CODERHOUSE\FULLSTACK\4.BackEnd\ProyectoFinal__BackEnd\node_modules\log4js\lib\appenders\logLevelFilter.js:10:7
    at C:\Users\sebas\Dropbox\PROGRAMACION\CODERHOUSE\FULLSTACK\4.BackEnd\ProyectoFinal__BackEnd\node_modules\log4js\lib\log4js.js:43:5
    at Array.forEach (<anonymous>) {
  errors: {
    email: ValidatorError: Path `email` is required.
        at validate (C:\Users\sebas\Dropbox\PROGRAMACION\CODERHOUSE\FULLSTACK\4.BackEnd\ProyectoFinal__BackEnd\node_modules\mongoose\lib\schematype.js:1346:13)
        at SchemaType.doValidate (C:\Users\sebas\Dropbox\PROGRAMACION\CODERHOUSE\FULLSTACK\4.BackEnd\ProyectoFinal__BackEnd\node_modules\mongoose\lib\schematype.js:1330:7)
        at C:\Users\sebas\Dropbox\PROGRAMACION\CODERHOUSE\FULLSTACK\4.BackEnd\ProyectoFinal__BackEnd\node_modules\mongoose\lib\document.js:2903:18
        at process.processTicksAndRejections (node:internal/process/task_queues:77:11) {
      properties: [Object],
      kind: 'required',
      path: 'email',
      value: undefined,
      reason: undefined,
      [Symbol(mongoose:validatorError)]: true
    }
  },
  _message: 'Chats validation failed'
}
[2024-06-06T16:50:29.557] [ERROR] default - Error: Chats validation failed: email: Cast to string failed for value "[
  UsuarioDto {
    id: '662d6b67f421aee623daa55d',
    nombre: 'Lionel',
    direccion: undefined,
    edad: undefined,
    email: 'lio@messi.com',
    photo: undefined,
    phone: undefined,
    password: '$2b$10$uTiRxD1fs.a/wuvu3qgLw.gycntA5fsZJdKuAfKXqwxdpAcLB571G'
  }
]" (type Array) at path "email"
    at ValidationError.inspect (C:\Users\sebas\Dropbox\PROGRAMACION\CODERHOUSE\FULLSTACK\4.BackEnd\ProyectoFinal__BackEnd\node_modules\mongoose\lib\error\validation.js:50:26)
    at formatValue (node:internal/util/inspect:790:19)
    at inspect (node:internal/util/inspect:350:10)
    at formatWithOptionsInternal (node:internal/util/inspect:2241:40)
    at Object.format (node:internal/util/inspect:2098:10)
    at basicLayout (C:\Users\sebas\Dropbox\PROGRAMACION\CODERHOUSE\FULLSTACK\4.BackEnd\ProyectoFinal__BackEnd\node_modules\log4js\lib\layouts.js:65:52)
    at app (C:\Users\sebas\Dropbox\PROGRAMACION\CODERHOUSE\FULLSTACK\4.BackEnd\ProyectoFinal__BackEnd\node_modules\log4js\lib\appenders\file.js:98:23)
    at C:\Users\sebas\Dropbox\PROGRAMACION\CODERHOUSE\FULLSTACK\4.BackEnd\ProyectoFinal__BackEnd\node_modules\log4js\lib\appenders\logLevelFilter.js:10:7
    at C:\Users\sebas\Dropbox\PROGRAMACION\CODERHOUSE\FULLSTACK\4.BackEnd\ProyectoFinal__BackEnd\node_modules\log4js\lib\log4js.js:43:5
    at Array.forEach (<anonymous>) {
  errors: {
    email: CastError: Cast to string failed for value "[
      UsuarioDto {
        id: '662d6b67f421aee623daa55d',
        nombre: 'Lionel',
        direccion: undefined,
        edad: undefined,
        email: 'lio@messi.com',
        photo: undefined,
        phone: undefined,
        password: '$2b$10$uTiRxD1fs.a/wuvu3qgLw.gycntA5fsZJdKuAfKXqwxdpAcLB571G'
      }
    ]" (type Array) at path "email"
        at SchemaString.cast (C:\Users\sebas\Dropbox\PROGRAMACION\CODERHOUSE\FULLSTACK\4.BackEnd\ProyectoFinal__BackEnd\node_modules\mongoose\lib\schema\string.js:603:11)
        at SchemaType.applySetters (C:\Users\sebas\Dropbox\PROGRAMACION\CODERHOUSE\FULLSTACK\4.BackEnd\ProyectoFinal__BackEnd\node_modules\mongoose\lib\schematype.js:1201:12)
        at model.$set (C:\Users\sebas\Dropbox\PROGRAMACION\CODERHOUSE\FULLSTACK\4.BackEnd\ProyectoFinal__BackEnd\node_modules\mongoose\lib\document.js:1421:22)
        at model.$set (C:\Users\sebas\Dropbox\PROGRAMACION\CODERHOUSE\FULLSTACK\4.BackEnd\ProyectoFinal__BackEnd\node_modules\mongoose\lib\document.js:1146:16)
        at model.Document (C:\Users\sebas\Dropbox\PROGRAMACION\CODERHOUSE\FULLSTACK\4.BackEnd\ProyectoFinal__BackEnd\node_modules\mongoose\lib\document.js:166:12)
        at model.Model (C:\Users\sebas\Dropbox\PROGRAMACION\CODERHOUSE\FULLSTACK\4.BackEnd\ProyectoFinal__BackEnd\node_modules\mongoose\lib\model.js:121:12)
        at new model (C:\Users\sebas\Dropbox\PROGRAMACION\CODERHOUSE\FULLSTACK\4.BackEnd\ProyectoFinal__BackEnd\node_modules\mongoose\lib\model.js:5039:15)
        at C:\Users\sebas\Dropbox\PROGRAMACION\CODERHOUSE\FULLSTACK\4.BackEnd\ProyectoFinal__BackEnd\node_modules\mongoose\lib\model.js:3187:22
        at C:\Users\sebas\Dropbox\PROGRAMACION\CODERHOUSE\FULLSTACK\4.BackEnd\ProyectoFinal__BackEnd\node_modules\mongoose\lib\model.js:3222:7
        at Array.forEach (<anonymous>) {
      stringValue: '"[\n' +
        '  UsuarioDto {\n' +
        "    id: '662d6b67f421aee623daa55d',\n" +
        "    nombre: 'Lionel',\n" +
        '    direccion: undefined,\n' +
        '    edad: undefined,\n' +
        "    email: 'lio@messi.com',\n" +
        '    photo: undefined,\n' +
        '    phone: undefined,\n' +
        "    password: '$2b$10$uTiRxD1fs.a/wuvu3qgLw.gycntA5fsZJdKuAfKXqwxdpAcLB571G'\n" +
        '  }\n' +
        ']"',
      messageFormat: undefined,
      kind: 'string',
      value: [Array],
      path: 'email',
      reason: null,
      valueType: 'Array'
    }
  },
  _message: 'Chats validation failed'
}
[2024-06-06T21:03:02.196] [ERROR] default - Error: Invalid login: 535-5.7.8 Username and Password not accepted. For more information, go to
535 5.7.8  https://support.google.com/mail/?p=BadCredentials d9443c01a7336-1f6bd7e3ecbsm21208985ad.230 - gsmtp
    at SMTPConnection._formatError (C:\Users\sebas\Dropbox\PROGRAMACION\CODERHOUSE\FULLSTACK\4.BackEnd\ProyectoFinal__BackEnd\node_modules\nodemailer\lib\smtp-connection\index.js:790:19)
    at SMTPConnection._actionAUTHComplete (C:\Users\sebas\Dropbox\PROGRAMACION\CODERHOUSE\FULLSTACK\4.BackEnd\ProyectoFinal__BackEnd\node_modules\nodemailer\lib\smtp-connection\index.js:1542:34)
    at SMTPConnection.<anonymous> (C:\Users\sebas\Dropbox\PROGRAMACION\CODERHOUSE\FULLSTACK\4.BackEnd\ProyectoFinal__BackEnd\node_modules\nodemailer\lib\smtp-connection\index.js:546:26)
    at SMTPConnection._processResponse (C:\Users\sebas\Dropbox\PROGRAMACION\CODERHOUSE\FULLSTACK\4.BackEnd\ProyectoFinal__BackEnd\node_modules\nodemailer\lib\smtp-connection\index.js:953:20)
    at SMTPConnection._onData (C:\Users\sebas\Dropbox\PROGRAMACION\CODERHOUSE\FULLSTACK\4.BackEnd\ProyectoFinal__BackEnd\node_modules\nodemailer\lib\smtp-connection\index.js:755:14)
    at SMTPConnection._onSocketData (C:\Users\sebas\Dropbox\PROGRAMACION\CODERHOUSE\FULLSTACK\4.BackEnd\ProyectoFinal__BackEnd\node_modules\nodemailer\lib\smtp-connection\index.js:193:44)
    at TLSSocket.emit (node:events:513:28)
    at addChunk (node:internal/streams/readable:324:12)
    at readableAddChunk (node:internal/streams/readable:297:9)
    at Readable.push (node:internal/streams/readable:234:10) {
  code: 'EAUTH',
  response: '535-5.7.8 Username and Password not accepted. For more information, go to\n' +
    '535 5.7.8  https://support.google.com/mail/?p=BadCredentials d9443c01a7336-1f6bd7e3ecbsm21208985ad.230 - gsmtp',
  responseCode: 535,
  command: 'AUTH PLAIN'
}
[2024-06-06T21:08:10.625] [ERROR] default - Error: Invalid login: 535-5.7.8 Username and Password not accepted. For more information, go to
535 5.7.8  https://support.google.com/mail/?p=BadCredentials d2e1a72fcca58-703fd3955f4sm1612044b3a.67 - gsmtp
    at SMTPConnection._formatError (C:\Users\sebas\Dropbox\PROGRAMACION\CODERHOUSE\FULLSTACK\4.BackEnd\ProyectoFinal__BackEnd\node_modules\nodemailer\lib\smtp-connection\index.js:790:19)
    at SMTPConnection._actionAUTHComplete (C:\Users\sebas\Dropbox\PROGRAMACION\CODERHOUSE\FULLSTACK\4.BackEnd\ProyectoFinal__BackEnd\node_modules\nodemailer\lib\smtp-connection\index.js:1542:34)
    at SMTPConnection.<anonymous> (C:\Users\sebas\Dropbox\PROGRAMACION\CODERHOUSE\FULLSTACK\4.BackEnd\ProyectoFinal__BackEnd\node_modules\nodemailer\lib\smtp-connection\index.js:546:26)
    at SMTPConnection._processResponse (C:\Users\sebas\Dropbox\PROGRAMACION\CODERHOUSE\FULLSTACK\4.BackEnd\ProyectoFinal__BackEnd\node_modules\nodemailer\lib\smtp-connection\index.js:953:20)
    at SMTPConnection._onData (C:\Users\sebas\Dropbox\PROGRAMACION\CODERHOUSE\FULLSTACK\4.BackEnd\ProyectoFinal__BackEnd\node_modules\nodemailer\lib\smtp-connection\index.js:755:14)
    at SMTPConnection._onSocketData (C:\Users\sebas\Dropbox\PROGRAMACION\CODERHOUSE\FULLSTACK\4.BackEnd\ProyectoFinal__BackEnd\node_modules\nodemailer\lib\smtp-connection\index.js:193:44)
    at TLSSocket.emit (node:events:513:28)
    at addChunk (node:internal/streams/readable:324:12)
    at readableAddChunk (node:internal/streams/readable:297:9)
    at Readable.push (node:internal/streams/readable:234:10) {
  code: 'EAUTH',
  response: '535-5.7.8 Username and Password not accepted. For more information, go to\n' +
    '535 5.7.8  https://support.google.com/mail/?p=BadCredentials d2e1a72fcca58-703fd3955f4sm1612044b3a.67 - gsmtp',
  responseCode: 535,
  command: 'AUTH PLAIN'
}
[2024-06-10T17:45:32.353] [ERROR] default - CastError: Cast to ObjectId failed for value "{}" (type Object) at path "_id" for model "Usuarios"
    at model.Query.exec (C:\Users\sebas\Dropbox\PROGRAMACION\CODERHOUSE\FULLSTACK\4.BackEnd\ProyectoFinal__BackEnd\node_modules\mongoose\lib\query.js:4897:21)
    at Query.then (C:\Users\sebas\Dropbox\PROGRAMACION\CODERHOUSE\FULLSTACK\4.BackEnd\ProyectoFinal__BackEnd\node_modules\mongoose\lib\query.js:4996:15)
    at process.processTicksAndRejections (node:internal/process/task_queues:95:5) {
  messageFormat: undefined,
  stringValue: '"{}"',
  kind: 'ObjectId',
  value: {},
  path: '_id',
  reason: BSONTypeError: Argument passed in must be a string of 12 bytes or a string of 24 hex characters or an integer
      at new BSONTypeError (C:\Users\sebas\Dropbox\PROGRAMACION\CODERHOUSE\FULLSTACK\4.BackEnd\ProyectoFinal__BackEnd\node_modules\bson\lib\error.js:41:28)
      at new ObjectId (C:\Users\sebas\Dropbox\PROGRAMACION\CODERHOUSE\FULLSTACK\4.BackEnd\ProyectoFinal__BackEnd\node_modules\bson\lib\objectid.js:67:23)
      at castObjectId (C:\Users\sebas\Dropbox\PROGRAMACION\CODERHOUSE\FULLSTACK\4.BackEnd\ProyectoFinal__BackEnd\node_modules\mongoose\lib\cast\objectid.js:25:12)
      at ObjectId.cast (C:\Users\sebas\Dropbox\PROGRAMACION\CODERHOUSE\FULLSTACK\4.BackEnd\ProyectoFinal__BackEnd\node_modules\mongoose\lib\schema\objectid.js:246:12)
      at SchemaType.applySetters (C:\Users\sebas\Dropbox\PROGRAMACION\CODERHOUSE\FULLSTACK\4.BackEnd\ProyectoFinal__BackEnd\node_modules\mongoose\lib\schematype.js:1201:12)
      at SchemaType._castForQuery (C:\Users\sebas\Dropbox\PROGRAMACION\CODERHOUSE\FULLSTACK\4.BackEnd\ProyectoFinal__BackEnd\node_modules\mongoose\lib\schematype.js:1648:15)
      at SchemaType.castForQuery (C:\Users\sebas\Dropbox\PROGRAMACION\CODERHOUSE\FULLSTACK\4.BackEnd\ProyectoFinal__BackEnd\node_modules\mongoose\lib\schematype.js:1636:15)
      at SchemaType.castForQueryWrapper (C:\Users\sebas\Dropbox\PROGRAMACION\CODERHOUSE\FULLSTACK\4.BackEnd\ProyectoFinal__BackEnd\node_modules\mongoose\lib\schematype.js:1612:20)
      at cast (C:\Users\sebas\Dropbox\PROGRAMACION\CODERHOUSE\FULLSTACK\4.BackEnd\ProyectoFinal__BackEnd\node_modules\mongoose\lib\cast.js:286:34)
      at Query.cast (C:\Users\sebas\Dropbox\PROGRAMACION\CODERHOUSE\FULLSTACK\4.BackEnd\ProyectoFinal__BackEnd\node_modules\mongoose\lib\query.js:5325:12),
  valueType: 'Object'
}
[2024-06-10T17:45:37.168] [ERROR] default - CastError: Cast to ObjectId failed for value "{}" (type Object) at path "_id" for model "Usuarios"
    at model.Query.exec (C:\Users\sebas\Dropbox\PROGRAMACION\CODERHOUSE\FULLSTACK\4.BackEnd\ProyectoFinal__BackEnd\node_modules\mongoose\lib\query.js:4897:21)
    at Query.then (C:\Users\sebas\Dropbox\PROGRAMACION\CODERHOUSE\FULLSTACK\4.BackEnd\ProyectoFinal__BackEnd\node_modules\mongoose\lib\query.js:4996:15)
    at process.processTicksAndRejections (node:internal/process/task_queues:95:5) {
  messageFormat: undefined,
  stringValue: '"{}"',
  kind: 'ObjectId',
  value: {},
  path: '_id',
  reason: BSONTypeError: Argument passed in must be a string of 12 bytes or a string of 24 hex characters or an integer
      at new BSONTypeError (C:\Users\sebas\Dropbox\PROGRAMACION\CODERHOUSE\FULLSTACK\4.BackEnd\ProyectoFinal__BackEnd\node_modules\bson\lib\error.js:41:28)
      at new ObjectId (C:\Users\sebas\Dropbox\PROGRAMACION\CODERHOUSE\FULLSTACK\4.BackEnd\ProyectoFinal__BackEnd\node_modules\bson\lib\objectid.js:67:23)
      at castObjectId (C:\Users\sebas\Dropbox\PROGRAMACION\CODERHOUSE\FULLSTACK\4.BackEnd\ProyectoFinal__BackEnd\node_modules\mongoose\lib\cast\objectid.js:25:12)
      at ObjectId.cast (C:\Users\sebas\Dropbox\PROGRAMACION\CODERHOUSE\FULLSTACK\4.BackEnd\ProyectoFinal__BackEnd\node_modules\mongoose\lib\schema\objectid.js:246:12)
      at SchemaType.applySetters (C:\Users\sebas\Dropbox\PROGRAMACION\CODERHOUSE\FULLSTACK\4.BackEnd\ProyectoFinal__BackEnd\node_modules\mongoose\lib\schematype.js:1201:12)
      at SchemaType._castForQuery (C:\Users\sebas\Dropbox\PROGRAMACION\CODERHOUSE\FULLSTACK\4.BackEnd\ProyectoFinal__BackEnd\node_modules\mongoose\lib\schematype.js:1648:15)
      at SchemaType.castForQuery (C:\Users\sebas\Dropbox\PROGRAMACION\CODERHOUSE\FULLSTACK\4.BackEnd\ProyectoFinal__BackEnd\node_modules\mongoose\lib\schematype.js:1636:15)
      at SchemaType.castForQueryWrapper (C:\Users\sebas\Dropbox\PROGRAMACION\CODERHOUSE\FULLSTACK\4.BackEnd\ProyectoFinal__BackEnd\node_modules\mongoose\lib\schematype.js:1612:20)
      at cast (C:\Users\sebas\Dropbox\PROGRAMACION\CODERHOUSE\FULLSTACK\4.BackEnd\ProyectoFinal__BackEnd\node_modules\mongoose\lib\cast.js:286:34)
      at Query.cast (C:\Users\sebas\Dropbox\PROGRAMACION\CODERHOUSE\FULLSTACK\4.BackEnd\ProyectoFinal__BackEnd\node_modules\mongoose\lib\query.js:5325:12),
  valueType: 'Object'
}
[2024-06-10T18:19:15.198] [ERROR] default - CastError: Cast to ObjectId failed for value "popo" (type string) at path "_id" for model "Usuarios"
    at model.Query.exec (C:\Users\sebas\Dropbox\PROGRAMACION\CODERHOUSE\FULLSTACK\4.BackEnd\ProyectoFinal__BackEnd\node_modules\mongoose\lib\query.js:4897:21)
    at Query.then (C:\Users\sebas\Dropbox\PROGRAMACION\CODERHOUSE\FULLSTACK\4.BackEnd\ProyectoFinal__BackEnd\node_modules\mongoose\lib\query.js:4996:15)
    at process.processTicksAndRejections (node:internal/process/task_queues:95:5) {
  messageFormat: undefined,
  stringValue: '"popo"',
  kind: 'ObjectId',
  value: 'popo',
  path: '_id',
  reason: BSONTypeError: Argument passed in must be a string of 12 bytes or a string of 24 hex characters or an integer
      at new BSONTypeError (C:\Users\sebas\Dropbox\PROGRAMACION\CODERHOUSE\FULLSTACK\4.BackEnd\ProyectoFinal__BackEnd\node_modules\bson\lib\error.js:41:28)
      at new ObjectId (C:\Users\sebas\Dropbox\PROGRAMACION\CODERHOUSE\FULLSTACK\4.BackEnd\ProyectoFinal__BackEnd\node_modules\bson\lib\objectid.js:67:23)
      at castObjectId (C:\Users\sebas\Dropbox\PROGRAMACION\CODERHOUSE\FULLSTACK\4.BackEnd\ProyectoFinal__BackEnd\node_modules\mongoose\lib\cast\objectid.js:25:12)
      at ObjectId.cast (C:\Users\sebas\Dropbox\PROGRAMACION\CODERHOUSE\FULLSTACK\4.BackEnd\ProyectoFinal__BackEnd\node_modules\mongoose\lib\schema\objectid.js:246:12)
      at SchemaType.applySetters (C:\Users\sebas\Dropbox\PROGRAMACION\CODERHOUSE\FULLSTACK\4.BackEnd\ProyectoFinal__BackEnd\node_modules\mongoose\lib\schematype.js:1201:12)
      at SchemaType._castForQuery (C:\Users\sebas\Dropbox\PROGRAMACION\CODERHOUSE\FULLSTACK\4.BackEnd\ProyectoFinal__BackEnd\node_modules\mongoose\lib\schematype.js:1648:15)
      at SchemaType.castForQuery (C:\Users\sebas\Dropbox\PROGRAMACION\CODERHOUSE\FULLSTACK\4.BackEnd\ProyectoFinal__BackEnd\node_modules\mongoose\lib\schematype.js:1636:15)
      at SchemaType.castForQueryWrapper (C:\Users\sebas\Dropbox\PROGRAMACION\CODERHOUSE\FULLSTACK\4.BackEnd\ProyectoFinal__BackEnd\node_modules\mongoose\lib\schematype.js:1612:20)
      at cast (C:\Users\sebas\Dropbox\PROGRAMACION\CODERHOUSE\FULLSTACK\4.BackEnd\ProyectoFinal__BackEnd\node_modules\mongoose\lib\cast.js:342:32)
      at Query.cast (C:\Users\sebas\Dropbox\PROGRAMACION\CODERHOUSE\FULLSTACK\4.BackEnd\ProyectoFinal__BackEnd\node_modules\mongoose\lib\query.js:5325:12),
  valueType: 'string'
}
[2024-06-10T18:19:30.635] [ERROR] default - CastError: Cast to ObjectId failed for value "popo" (type string) at path "_id" for model "Usuarios"
    at model.Query.exec (C:\Users\sebas\Dropbox\PROGRAMACION\CODERHOUSE\FULLSTACK\4.BackEnd\ProyectoFinal__BackEnd\node_modules\mongoose\lib\query.js:4897:21)
    at Query.then (C:\Users\sebas\Dropbox\PROGRAMACION\CODERHOUSE\FULLSTACK\4.BackEnd\ProyectoFinal__BackEnd\node_modules\mongoose\lib\query.js:4996:15)
    at process.processTicksAndRejections (node:internal/process/task_queues:95:5) {
  messageFormat: undefined,
  stringValue: '"popo"',
  kind: 'ObjectId',
  value: 'popo',
  path: '_id',
  reason: BSONTypeError: Argument passed in must be a string of 12 bytes or a string of 24 hex characters or an integer
      at new BSONTypeError (C:\Users\sebas\Dropbox\PROGRAMACION\CODERHOUSE\FULLSTACK\4.BackEnd\ProyectoFinal__BackEnd\node_modules\bson\lib\error.js:41:28)
      at new ObjectId (C:\Users\sebas\Dropbox\PROGRAMACION\CODERHOUSE\FULLSTACK\4.BackEnd\ProyectoFinal__BackEnd\node_modules\bson\lib\objectid.js:67:23)
      at castObjectId (C:\Users\sebas\Dropbox\PROGRAMACION\CODERHOUSE\FULLSTACK\4.BackEnd\ProyectoFinal__BackEnd\node_modules\mongoose\lib\cast\objectid.js:25:12)
      at ObjectId.cast (C:\Users\sebas\Dropbox\PROGRAMACION\CODERHOUSE\FULLSTACK\4.BackEnd\ProyectoFinal__BackEnd\node_modules\mongoose\lib\schema\objectid.js:246:12)
      at SchemaType.applySetters (C:\Users\sebas\Dropbox\PROGRAMACION\CODERHOUSE\FULLSTACK\4.BackEnd\ProyectoFinal__BackEnd\node_modules\mongoose\lib\schematype.js:1201:12)
      at SchemaType._castForQuery (C:\Users\sebas\Dropbox\PROGRAMACION\CODERHOUSE\FULLSTACK\4.BackEnd\ProyectoFinal__BackEnd\node_modules\mongoose\lib\schematype.js:1648:15)
      at SchemaType.castForQuery (C:\Users\sebas\Dropbox\PROGRAMACION\CODERHOUSE\FULLSTACK\4.BackEnd\ProyectoFinal__BackEnd\node_modules\mongoose\lib\schematype.js:1636:15)
      at SchemaType.castForQueryWrapper (C:\Users\sebas\Dropbox\PROGRAMACION\CODERHOUSE\FULLSTACK\4.BackEnd\ProyectoFinal__BackEnd\node_modules\mongoose\lib\schematype.js:1612:20)
      at cast (C:\Users\sebas\Dropbox\PROGRAMACION\CODERHOUSE\FULLSTACK\4.BackEnd\ProyectoFinal__BackEnd\node_modules\mongoose\lib\cast.js:342:32)
      at Query.cast (C:\Users\sebas\Dropbox\PROGRAMACION\CODERHOUSE\FULLSTACK\4.BackEnd\ProyectoFinal__BackEnd\node_modules\mongoose\lib\query.js:5325:12),
  valueType: 'string'
}
[2024-06-10T18:33:02.764] [ERROR] default - CastError: Cast to ObjectId failed for value "popo" (type string) at path "_id" for model "Usuarios"
    at model.Query.exec (C:\Users\sebas\Dropbox\PROGRAMACION\CODERHOUSE\FULLSTACK\4.BackEnd\ProyectoFinal__BackEnd\node_modules\mongoose\lib\query.js:4897:21)
    at Query.then (C:\Users\sebas\Dropbox\PROGRAMACION\CODERHOUSE\FULLSTACK\4.BackEnd\ProyectoFinal__BackEnd\node_modules\mongoose\lib\query.js:4996:15)
    at process.processTicksAndRejections (node:internal/process/task_queues:95:5) {
  messageFormat: undefined,
  stringValue: '"popo"',
  kind: 'ObjectId',
  value: 'popo',
  path: '_id',
  reason: BSONTypeError: Argument passed in must be a string of 12 bytes or a string of 24 hex characters or an integer
      at new BSONTypeError (C:\Users\sebas\Dropbox\PROGRAMACION\CODERHOUSE\FULLSTACK\4.BackEnd\ProyectoFinal__BackEnd\node_modules\bson\lib\error.js:41:28)
      at new ObjectId (C:\Users\sebas\Dropbox\PROGRAMACION\CODERHOUSE\FULLSTACK\4.BackEnd\ProyectoFinal__BackEnd\node_modules\bson\lib\objectid.js:67:23)
      at castObjectId (C:\Users\sebas\Dropbox\PROGRAMACION\CODERHOUSE\FULLSTACK\4.BackEnd\ProyectoFinal__BackEnd\node_modules\mongoose\lib\cast\objectid.js:25:12)
      at ObjectId.cast (C:\Users\sebas\Dropbox\PROGRAMACION\CODERHOUSE\FULLSTACK\4.BackEnd\ProyectoFinal__BackEnd\node_modules\mongoose\lib\schema\objectid.js:246:12)
      at SchemaType.applySetters (C:\Users\sebas\Dropbox\PROGRAMACION\CODERHOUSE\FULLSTACK\4.BackEnd\ProyectoFinal__BackEnd\node_modules\mongoose\lib\schematype.js:1201:12)
      at SchemaType._castForQuery (C:\Users\sebas\Dropbox\PROGRAMACION\CODERHOUSE\FULLSTACK\4.BackEnd\ProyectoFinal__BackEnd\node_modules\mongoose\lib\schematype.js:1648:15)
      at SchemaType.castForQuery (C:\Users\sebas\Dropbox\PROGRAMACION\CODERHOUSE\FULLSTACK\4.BackEnd\ProyectoFinal__BackEnd\node_modules\mongoose\lib\schematype.js:1636:15)
      at SchemaType.castForQueryWrapper (C:\Users\sebas\Dropbox\PROGRAMACION\CODERHOUSE\FULLSTACK\4.BackEnd\ProyectoFinal__BackEnd\node_modules\mongoose\lib\schematype.js:1612:20)
      at cast (C:\Users\sebas\Dropbox\PROGRAMACION\CODERHOUSE\FULLSTACK\4.BackEnd\ProyectoFinal__BackEnd\node_modules\mongoose\lib\cast.js:342:32)
      at Query.cast (C:\Users\sebas\Dropbox\PROGRAMACION\CODERHOUSE\FULLSTACK\4.BackEnd\ProyectoFinal__BackEnd\node_modules\mongoose\lib\query.js:5325:12),
  valueType: 'string'
}
[2024-06-10T18:34:00.321] [ERROR] default - CastError: Cast to ObjectId failed for value "$2b$10$uTiRxD1fs.a/wuvu3qgLw.gycntA5fsZJdKuAfKXqwxdpAcLB571G" (type string) at path "_id" for model "Usuarios"
    at model.Query.exec (C:\Users\sebas\Dropbox\PROGRAMACION\CODERHOUSE\FULLSTACK\4.BackEnd\ProyectoFinal__BackEnd\node_modules\mongoose\lib\query.js:4897:21)
    at Query.then (C:\Users\sebas\Dropbox\PROGRAMACION\CODERHOUSE\FULLSTACK\4.BackEnd\ProyectoFinal__BackEnd\node_modules\mongoose\lib\query.js:4996:15)
    at process.processTicksAndRejections (node:internal/process/task_queues:95:5) {
  messageFormat: undefined,
  stringValue: '"$2b$10$uTiRxD1fs.a/wuvu3qgLw.gycntA5fsZJdKuAfKXqwxdpAcLB571G"',
  kind: 'ObjectId',
  value: '$2b$10$uTiRxD1fs.a/wuvu3qgLw.gycntA5fsZJdKuAfKXqwxdpAcLB571G',
  path: '_id',
  reason: BSONTypeError: Argument passed in must be a string of 12 bytes or a string of 24 hex characters or an integer
      at new BSONTypeError (C:\Users\sebas\Dropbox\PROGRAMACION\CODERHOUSE\FULLSTACK\4.BackEnd\ProyectoFinal__BackEnd\node_modules\bson\lib\error.js:41:28)
      at new ObjectId (C:\Users\sebas\Dropbox\PROGRAMACION\CODERHOUSE\FULLSTACK\4.BackEnd\ProyectoFinal__BackEnd\node_modules\bson\lib\objectid.js:67:23)
      at castObjectId (C:\Users\sebas\Dropbox\PROGRAMACION\CODERHOUSE\FULLSTACK\4.BackEnd\ProyectoFinal__BackEnd\node_modules\mongoose\lib\cast\objectid.js:25:12)
      at ObjectId.cast (C:\Users\sebas\Dropbox\PROGRAMACION\CODERHOUSE\FULLSTACK\4.BackEnd\ProyectoFinal__BackEnd\node_modules\mongoose\lib\schema\objectid.js:246:12)
      at SchemaType.applySetters (C:\Users\sebas\Dropbox\PROGRAMACION\CODERHOUSE\FULLSTACK\4.BackEnd\ProyectoFinal__BackEnd\node_modules\mongoose\lib\schematype.js:1201:12)
      at SchemaType._castForQuery (C:\Users\sebas\Dropbox\PROGRAMACION\CODERHOUSE\FULLSTACK\4.BackEnd\ProyectoFinal__BackEnd\node_modules\mongoose\lib\schematype.js:1648:15)
      at SchemaType.castForQuery (C:\Users\sebas\Dropbox\PROGRAMACION\CODERHOUSE\FULLSTACK\4.BackEnd\ProyectoFinal__BackEnd\node_modules\mongoose\lib\schematype.js:1636:15)
      at SchemaType.castForQueryWrapper (C:\Users\sebas\Dropbox\PROGRAMACION\CODERHOUSE\FULLSTACK\4.BackEnd\ProyectoFinal__BackEnd\node_modules\mongoose\lib\schematype.js:1612:20)
      at cast (C:\Users\sebas\Dropbox\PROGRAMACION\CODERHOUSE\FULLSTACK\4.BackEnd\ProyectoFinal__BackEnd\node_modules\mongoose\lib\cast.js:342:32)
      at Query.cast (C:\Users\sebas\Dropbox\PROGRAMACION\CODERHOUSE\FULLSTACK\4.BackEnd\ProyectoFinal__BackEnd\node_modules\mongoose\lib\query.js:5325:12),
  valueType: 'string'
}
[2024-06-10T18:35:28.077] [ERROR] default - CastError: Cast to ObjectId failed for value "{
  id: '662d6b67f421aee623daa55d',
  nombre: 'Lionel',
  email: 'lio@messi.com',
  password: '$2b$10$uTiRxD1fs.a/wuvu3qgLw.gycntA5fsZJdKuAfKXqwxdpAcLB571G'
}" (type Object) at path "_id" for model "Usuarios"
    at model.Query.exec (C:\Users\sebas\Dropbox\PROGRAMACION\CODERHOUSE\FULLSTACK\4.BackEnd\ProyectoFinal__BackEnd\node_modules\mongoose\lib\query.js:4897:21)
    at Query.then (C:\Users\sebas\Dropbox\PROGRAMACION\CODERHOUSE\FULLSTACK\4.BackEnd\ProyectoFinal__BackEnd\node_modules\mongoose\lib\query.js:4996:15)
    at process.processTicksAndRejections (node:internal/process/task_queues:95:5) {
  messageFormat: undefined,
  stringValue: '"{\n' +
    "  id: '662d6b67f421aee623daa55d',\n" +
    "  nombre: 'Lionel',\n" +
    "  email: 'lio@messi.com',\n" +
    "  password: '$2b$10$uTiRxD1fs.a/wuvu3qgLw.gycntA5fsZJdKuAfKXqwxdpAcLB571G'\n" +
    '}"',
  kind: 'ObjectId',
  value: {
    id: '662d6b67f421aee623daa55d',
    nombre: 'Lionel',
    email: 'lio@messi.com',
    password: '$2b$10$uTiRxD1fs.a/wuvu3qgLw.gycntA5fsZJdKuAfKXqwxdpAcLB571G'
  },
  path: '_id',
  reason: BSONTypeError: Argument passed in must be a string of 12 bytes or a string of 24 hex characters or an integer
      at new BSONTypeError (C:\Users\sebas\Dropbox\PROGRAMACION\CODERHOUSE\FULLSTACK\4.BackEnd\ProyectoFinal__BackEnd\node_modules\bson\lib\error.js:41:28)
      at new ObjectId (C:\Users\sebas\Dropbox\PROGRAMACION\CODERHOUSE\FULLSTACK\4.BackEnd\ProyectoFinal__BackEnd\node_modules\bson\lib\objectid.js:67:23)
      at castObjectId (C:\Users\sebas\Dropbox\PROGRAMACION\CODERHOUSE\FULLSTACK\4.BackEnd\ProyectoFinal__BackEnd\node_modules\mongoose\lib\cast\objectid.js:25:12)
      at ObjectId.cast (C:\Users\sebas\Dropbox\PROGRAMACION\CODERHOUSE\FULLSTACK\4.BackEnd\ProyectoFinal__BackEnd\node_modules\mongoose\lib\schema\objectid.js:246:12)
      at SchemaType.applySetters (C:\Users\sebas\Dropbox\PROGRAMACION\CODERHOUSE\FULLSTACK\4.BackEnd\ProyectoFinal__BackEnd\node_modules\mongoose\lib\schematype.js:1201:12)
      at SchemaType._castForQuery (C:\Users\sebas\Dropbox\PROGRAMACION\CODERHOUSE\FULLSTACK\4.BackEnd\ProyectoFinal__BackEnd\node_modules\mongoose\lib\schematype.js:1648:15)
      at SchemaType.castForQuery (C:\Users\sebas\Dropbox\PROGRAMACION\CODERHOUSE\FULLSTACK\4.BackEnd\ProyectoFinal__BackEnd\node_modules\mongoose\lib\schematype.js:1636:15)
      at SchemaType.castForQueryWrapper (C:\Users\sebas\Dropbox\PROGRAMACION\CODERHOUSE\FULLSTACK\4.BackEnd\ProyectoFinal__BackEnd\node_modules\mongoose\lib\schematype.js:1612:20)
      at cast (C:\Users\sebas\Dropbox\PROGRAMACION\CODERHOUSE\FULLSTACK\4.BackEnd\ProyectoFinal__BackEnd\node_modules\mongoose\lib\cast.js:286:34)
      at Query.cast (C:\Users\sebas\Dropbox\PROGRAMACION\CODERHOUSE\FULLSTACK\4.BackEnd\ProyectoFinal__BackEnd\node_modules\mongoose\lib\query.js:5325:12),
  valueType: 'Object'
}
